<?xml version="1.0" encoding="UTF-8"?>
<testng-results skipped="0" failed="0" total="1" passed="1">
  <reporter-output>
  </reporter-output>
  <suite name="Default suite" duration-ms="36" started-at="2020-10-24T14:31:26Z" finished-at="2020-10-24T14:31:26Z">
    <groups>
    </groups>
    <test name="Default test" duration-ms="36" started-at="2020-10-24T14:31:26Z" finished-at="2020-10-24T14:31:26Z">
      <class name="WebDriverManager.ArraysPractice">
        <test-method status="PASS" signature="arraylistt()[pri:0, instance:WebDriverManager.ArraysPractice@675d3402]" name="arraylistt" duration-ms="17" started-at="2020-10-24T20:01:26Z" finished-at="2020-10-24T20:01:26Z">
          <reporter-output>
          </reporter-output>
        </test-method> <!-- arraylistt -->
      </class> <!-- WebDriverManager.ArraysPractice -->
    </test> <!-- Default test -->
  </suite> <!-- Default suite -->
</testng-results>
