<?xml version="1.0" encoding="UTF-8"?>
<testng-results skipped="0" failed="0" total="1" passed="1">
  <reporter-output>
  </reporter-output>
  <suite name="Default suite" duration-ms="39162" started-at="2020-07-05T19:05:46Z" finished-at="2020-07-05T19:06:25Z">
    <groups>
    </groups>
    <test name="Default test" duration-ms="39162" started-at="2020-07-05T19:05:46Z" finished-at="2020-07-05T19:06:25Z">
      <class name="WebDriverManager.RWD">
        <test-method status="PASS" signature="testingRemote()[pri:0, instance:WebDriverManager.RWD@4678c730]" name="testingRemote" duration-ms="39142" started-at="2020-07-06T00:35:46Z" finished-at="2020-07-06T00:36:25Z">
          <reporter-output>
          </reporter-output>
        </test-method> <!-- testingRemote -->
      </class> <!-- WebDriverManager.RWD -->
    </test> <!-- Default test -->
  </suite> <!-- Default suite -->
</testng-results>
